<?xml version="1.0" encoding="UTF-8"?>
<testsuite xmlns:xsi="http://www.w3.org/2001/XMLSchema-instance" xsi:noNamespaceSchemaLocation="https://maven.apache.org/surefire/maven-surefire-plugin/xsd/surefire-test-report.xsd" version="3.0.2" name="fu.se.smms.controller.AuthControllerTest" time="3.033" tests="6" errors="0" skipped="0" failures="0">
  <properties>
[...]
</properties>
  <testcase name="testLogin_Success" classname="fu.se.smms.controller.AuthControllerTest" time="0.325">
    <system-out><![CDATA[10:02:54.640 [main] INFO org.springframework.test.context.support.AnnotationConfigContextLoaderUtils -- Could not detect default configuration classes for test class [fu.se.smms.controller.AuthControllerTest]: AuthControllerTest does not declare any static, non-private, non-final, nested classes annotated with @Configuration.
10:02:54.835 [main] INFO org.springframework.boot.test.context.SpringBootTestContextBootstrapper -- Found @SpringBootConfiguration fu.se.smms.SmmsApplication for test class fu.se.smms.controller.AuthControllerTest

  .   ____          _            __ _ _
 /\\ / ___'_ __ _ _(_)_ __  __ _ \ \ \ \
( ( )\___ | '_ | '_| | '_ \/ _` | \ \ \ \
 \\/  ___)| |_)| | | | | || (_| |  ) ) ) )
  '  |____| .__|_| |_|_| |_\__, | / / / /
 =========|_|==============|___/=/_/_/_/

 :: Spring Boot ::                (v3.4.2)

2026-06-10T10:02:55.275+07:00  INFO 439396 --- [           main] f.se.smms.controller.AuthControllerTest  : Starting AuthControllerTest using Java 26.0.1 with PID 439396 (started by Admin in D:\Semester5\P\Project\su26-swp391-se2023-g3\03.SourceCode\Backend)
2026-06-10T10:02:55.276+07:00  INFO 439396 --- [           main] f.se.smms.controller.AuthControllerTest  : No active profile set, falling back to 1 default profile: "default"
2026-06-10T10:02:56.790+07:00  INFO 439396 --- [           main] o.s.b.a.w.s.WelcomePageHandlerMapping    : Adding welcome page: class path resource [static/index.html]
2026-06-10T10:02:57.085+07:00  INFO 439396 --- [           main] o.s.b.t.m.w.SpringBootMockServletContext : Initializing Spring TestDispatcherServlet ''
2026-06-10T10:02:57.086+07:00  INFO 439396 --- [           main] o.s.t.web.servlet.TestDispatcherServlet  : Initializing Servlet ''
2026-06-10T10:02:57.087+07:00  INFO 439396 --- [           main] o.s.t.web.servlet.TestDispatcherServlet  : Completed initialization in 1 ms
2026-06-10T10:02:57.109+07:00  INFO 439396 --- [           main] f.se.smms.controller.AuthControllerTest  : Started AuthControllerTest in 2.189 seconds (process running for 3.262)
]]></system-out>
    <system-err><![CDATA[Mockito is currently self-attaching to enable the inline-mock-maker. This will no longer work in future releases of the JDK. Please add Mockito as an agent to your build what is described in Mockito's documentation: https://javadoc.io/doc/org.mockito/mockito-core/latest/org/mockito/Mockito.html#0.3
WARNING: A Java agent has been loaded dynamically (C:\Users\Admin\.m2\repository\net\bytebuddy\byte-buddy-agent\1.15.11\byte-buddy-agent-1.15.11.jar)
WARNING: If a serviceability tool is in use, please run with -XX:+EnableDynamicAgentLoading to hide this warning
WARNING: If a serviceability tool is not in use, please run with -Djdk.instrument.traceUsage for more information
WARNING: Dynamic loading of agents will be disallowed by default in a future release
]]></system-err>
  </testcase>
  <testcase name="testVerifyOtp_Success" classname="fu.se.smms.controller.AuthControllerTest" time="0.019"/>
  <testcase name="testResetPassword_Success" classname="fu.se.smms.controller.AuthControllerTest" time="0.018"/>
  <testcase name="testRegister_Success" classname="fu.se.smms.controller.AuthControllerTest" time="0.023"/>
  <testcase name="testForgotPassword_Success" classname="fu.se.smms.controller.AuthControllerTest" time="0.01"/>
  <testcase name="testRegister_Failure_EmailExists" classname="fu.se.smms.controller.AuthControllerTest" time="0.011"/>
</testsuite>